<?xml version="1.0" encoding="UTF-8"?>
<!-- Generated by org.testng.reporters.JUnitReportReporter -->
<testsuite hostname="Alcodess-MacBook-Air.local" failures="0" tests="1" name="API_Automation_Testing.API_Automation_Testing.App" time="0.017" errors="0" timestamp="2021-05-31T15:33:19 IST" skipped="0">
  <testcase classname="API_Automation_Testing.API_Automation_Testing.App" name="login" time="0.017"/>
  <system-out/>
</testsuite> <!-- API_Automation_Testing.API_Automation_Testing.App -->
