<?xml version="1.0" encoding="UTF-8"?>
<testsuite xmlns:xsi="http://www.w3.org/2001/XMLSchema-instance" xsi:noNamespaceSchemaLocation="https://maven.apache.org/surefire/maven-surefire-plugin/xsd/surefire-test-report.xsd" name="TestSuite" time="12.572" tests="3" errors="0" skipped="0" failures="0">
  <properties>
    <property name="java.specification.version" value="15"/>
    <property name="sun.jnu.encoding" value="UTF-8"/>
    <property name="java.class.path" value="/Users/alcodesmobility/eclipse-workspace/CronberryApiTesting/target/test-classes:/Users/alcodesmobility/eclipse-workspace/CronberryApiTesting/target/classes:/Users/alcodesmobility/.m2/repository/junit/junit/4.11/junit-4.11.jar:/Users/alcodesmobility/.m2/repository/org/hamcrest/hamcrest-core/1.3/hamcrest-core-1.3.jar:/Users/alcodesmobility/.m2/repository/io/rest-assured/rest-assured/4.4.0/rest-assured-4.4.0.jar:/Users/alcodesmobility/.m2/repository/org/codehaus/groovy/groovy/3.0.8/groovy-3.0.8.jar:/Users/alcodesmobility/.m2/repository/org/codehaus/groovy/groovy-xml/3.0.8/groovy-xml-3.0.8.jar:/Users/alcodesmobility/.m2/repository/org/apache/httpcomponents/httpclient/4.5.13/httpclient-4.5.13.jar:/Users/alcodesmobility/.m2/repository/org/apache/httpcomponents/httpcore/4.4.13/httpcore-4.4.13.jar:/Users/alcodesmobility/.m2/repository/commons-logging/commons-logging/1.2/commons-logging-1.2.jar:/Users/alcodesmobility/.m2/repository/commons-codec/commons-codec/1.11/commons-codec-1.11.jar:/Users/alcodesmobility/.m2/repository/org/apache/httpcomponents/httpmime/4.5.13/httpmime-4.5.13.jar:/Users/alcodesmobility/.m2/repository/org/hamcrest/hamcrest/2.1/hamcrest-2.1.jar:/Users/alcodesmobility/.m2/repository/org/ccil/cowan/tagsoup/tagsoup/1.2.1/tagsoup-1.2.1.jar:/Users/alcodesmobility/.m2/repository/io/rest-assured/json-path/4.4.0/json-path-4.4.0.jar:/Users/alcodesmobility/.m2/repository/org/codehaus/groovy/groovy-json/3.0.8/groovy-json-3.0.8.jar:/Users/alcodesmobility/.m2/repository/io/rest-assured/rest-assured-common/4.4.0/rest-assured-common-4.4.0.jar:/Users/alcodesmobility/.m2/repository/io/rest-assured/xml-path/4.4.0/xml-path-4.4.0.jar:/Users/alcodesmobility/.m2/repository/org/apache/commons/commons-lang3/3.11/commons-lang3-3.11.jar:/Users/alcodesmobility/.m2/repository/jakarta/xml/bind/jakarta.xml.bind-api/2.3.3/jakarta.xml.bind-api-2.3.3.jar:/Users/alcodesmobility/.m2/repository/jakarta/activation/jakarta.activation-api/1.2.2/jakarta.activation-api-1.2.2.jar:/Users/alcodesmobility/.m2/repository/com/sun/xml/bind/jaxb-impl/2.3.3/jaxb-impl-2.3.3.jar:/Users/alcodesmobility/.m2/repository/org/testng/testng/7.4.0/testng-7.4.0.jar:/Users/alcodesmobility/.m2/repository/com/beust/jcommander/1.78/jcommander-1.78.jar:/Users/alcodesmobility/.m2/repository/org/webjars/jquery/3.5.1/jquery-3.5.1.jar:/Users/alcodesmobility/.m2/repository/com/googlecode/json-simple/json-simple/1.1.1/json-simple-1.1.1.jar:/Users/alcodesmobility/.m2/repository/org/hamcrest/hamcrest-library/2.2/hamcrest-library-2.2.jar:/Users/alcodesmobility/.m2/repository/io/qameta/allure/allure-testng/2.14.0/allure-testng-2.14.0.jar:/Users/alcodesmobility/.m2/repository/io/qameta/allure/allure-java-commons/2.14.0/allure-java-commons-2.14.0.jar:/Users/alcodesmobility/.m2/repository/org/slf4j/slf4j-api/1.7.30/slf4j-api-1.7.30.jar:/Users/alcodesmobility/.m2/repository/io/qameta/allure/allure-model/2.14.0/allure-model-2.14.0.jar:/Users/alcodesmobility/.m2/repository/com/fasterxml/jackson/core/jackson-databind/2.12.3/jackson-databind-2.12.3.jar:/Users/alcodesmobility/.m2/repository/com/fasterxml/jackson/core/jackson-annotations/2.12.3/jackson-annotations-2.12.3.jar:/Users/alcodesmobility/.m2/repository/com/fasterxml/jackson/core/jackson-core/2.12.3/jackson-core-2.12.3.jar:/Users/alcodesmobility/.m2/repository/org/apache/tika/tika-core/1.26/tika-core-1.26.jar:/Users/alcodesmobility/.m2/repository/javax/xml/bind/jaxb-api/2.3.1/jaxb-api-2.3.1.jar:/Users/alcodesmobility/.m2/repository/javax/activation/javax.activation-api/1.2.0/javax.activation-api-1.2.0.jar:/Users/alcodesmobility/.m2/repository/javax/activation/activation/1.1.1/activation-1.1.1.jar:/Users/alcodesmobility/.m2/repository/org/jooq/joor-java-8/0.9.14/joor-java-8-0.9.14.jar:/Users/alcodesmobility/.m2/repository/io/qameta/allure/allure-test-filter/2.14.0/allure-test-filter-2.14.0.jar:"/>
    <property name="java.vm.vendor" value="Oracle Corporation"/>
    <property name="sun.arch.data.model" value="64"/>
    <property name="java.vendor.url" value="https://java.oracle.com/"/>
    <property name="os.name" value="Mac OS X"/>
    <property name="java.vm.specification.version" value="15"/>
    <property name="sun.java.launcher" value="SUN_STANDARD"/>
    <property name="user.country" value="IN"/>
    <property name="sun.boot.library.path" value="/Users/alcodesmobility/.p2/pool/plugins/org.eclipse.justj.openjdk.hotspot.jre.full.macosx.x86_64_15.0.1.v20201027-0507/jre/lib"/>
    <property name="sun.java.command" value="/Users/alcodesmobility/eclipse-workspace/CronberryApiTesting/target/surefire/surefirebooter3191319887539483994.jar /Users/alcodesmobility/eclipse-workspace/CronberryApiTesting/target/surefire 2021-08-03T18-29-40_814-jvmRun1 surefire11449675429421233724tmp surefire_016299797486642362591tmp"/>
    <property name="http.nonProxyHosts" value="local|*.local|169.254/16|*.169.254/16"/>
    <property name="jdk.debug" value="release"/>
    <property name="surefire.test.class.path" value="/Users/alcodesmobility/eclipse-workspace/CronberryApiTesting/target/test-classes:/Users/alcodesmobility/eclipse-workspace/CronberryApiTesting/target/classes:/Users/alcodesmobility/.m2/repository/junit/junit/4.11/junit-4.11.jar:/Users/alcodesmobility/.m2/repository/org/hamcrest/hamcrest-core/1.3/hamcrest-core-1.3.jar:/Users/alcodesmobility/.m2/repository/io/rest-assured/rest-assured/4.4.0/rest-assured-4.4.0.jar:/Users/alcodesmobility/.m2/repository/org/codehaus/groovy/groovy/3.0.8/groovy-3.0.8.jar:/Users/alcodesmobility/.m2/repository/org/codehaus/groovy/groovy-xml/3.0.8/groovy-xml-3.0.8.jar:/Users/alcodesmobility/.m2/repository/org/apache/httpcomponents/httpclient/4.5.13/httpclient-4.5.13.jar:/Users/alcodesmobility/.m2/repository/org/apache/httpcomponents/httpcore/4.4.13/httpcore-4.4.13.jar:/Users/alcodesmobility/.m2/repository/commons-logging/commons-logging/1.2/commons-logging-1.2.jar:/Users/alcodesmobility/.m2/repository/commons-codec/commons-codec/1.11/commons-codec-1.11.jar:/Users/alcodesmobility/.m2/repository/org/apache/httpcomponents/httpmime/4.5.13/httpmime-4.5.13.jar:/Users/alcodesmobility/.m2/repository/org/hamcrest/hamcrest/2.1/hamcrest-2.1.jar:/Users/alcodesmobility/.m2/repository/org/ccil/cowan/tagsoup/tagsoup/1.2.1/tagsoup-1.2.1.jar:/Users/alcodesmobility/.m2/repository/io/rest-assured/json-path/4.4.0/json-path-4.4.0.jar:/Users/alcodesmobility/.m2/repository/org/codehaus/groovy/groovy-json/3.0.8/groovy-json-3.0.8.jar:/Users/alcodesmobility/.m2/repository/io/rest-assured/rest-assured-common/4.4.0/rest-assured-common-4.4.0.jar:/Users/alcodesmobility/.m2/repository/io/rest-assured/xml-path/4.4.0/xml-path-4.4.0.jar:/Users/alcodesmobility/.m2/repository/org/apache/commons/commons-lang3/3.11/commons-lang3-3.11.jar:/Users/alcodesmobility/.m2/repository/jakarta/xml/bind/jakarta.xml.bind-api/2.3.3/jakarta.xml.bind-api-2.3.3.jar:/Users/alcodesmobility/.m2/repository/jakarta/activation/jakarta.activation-api/1.2.2/jakarta.activation-api-1.2.2.jar:/Users/alcodesmobility/.m2/repository/com/sun/xml/bind/jaxb-impl/2.3.3/jaxb-impl-2.3.3.jar:/Users/alcodesmobility/.m2/repository/org/testng/testng/7.4.0/testng-7.4.0.jar:/Users/alcodesmobility/.m2/repository/com/beust/jcommander/1.78/jcommander-1.78.jar:/Users/alcodesmobility/.m2/repository/org/webjars/jquery/3.5.1/jquery-3.5.1.jar:/Users/alcodesmobility/.m2/repository/com/googlecode/json-simple/json-simple/1.1.1/json-simple-1.1.1.jar:/Users/alcodesmobility/.m2/repository/org/hamcrest/hamcrest-library/2.2/hamcrest-library-2.2.jar:/Users/alcodesmobility/.m2/repository/io/qameta/allure/allure-testng/2.14.0/allure-testng-2.14.0.jar:/Users/alcodesmobility/.m2/repository/io/qameta/allure/allure-java-commons/2.14.0/allure-java-commons-2.14.0.jar:/Users/alcodesmobility/.m2/repository/org/slf4j/slf4j-api/1.7.30/slf4j-api-1.7.30.jar:/Users/alcodesmobility/.m2/repository/io/qameta/allure/allure-model/2.14.0/allure-model-2.14.0.jar:/Users/alcodesmobility/.m2/repository/com/fasterxml/jackson/core/jackson-databind/2.12.3/jackson-databind-2.12.3.jar:/Users/alcodesmobility/.m2/repository/com/fasterxml/jackson/core/jackson-annotations/2.12.3/jackson-annotations-2.12.3.jar:/Users/alcodesmobility/.m2/repository/com/fasterxml/jackson/core/jackson-core/2.12.3/jackson-core-2.12.3.jar:/Users/alcodesmobility/.m2/repository/org/apache/tika/tika-core/1.26/tika-core-1.26.jar:/Users/alcodesmobility/.m2/repository/javax/xml/bind/jaxb-api/2.3.1/jaxb-api-2.3.1.jar:/Users/alcodesmobility/.m2/repository/javax/activation/javax.activation-api/1.2.0/javax.activation-api-1.2.0.jar:/Users/alcodesmobility/.m2/repository/javax/activation/activation/1.1.1/activation-1.1.1.jar:/Users/alcodesmobility/.m2/repository/org/jooq/joor-java-8/0.9.14/joor-java-8-0.9.14.jar:/Users/alcodesmobility/.m2/repository/io/qameta/allure/allure-test-filter/2.14.0/allure-test-filter-2.14.0.jar:"/>
    <property name="sun.cpu.endian" value="little"/>
    <property name="user.home" value="/Users/alcodesmobility"/>
    <property name="user.language" value="en"/>
    <property name="java.specification.vendor" value="Oracle Corporation"/>
    <property name="java.version.date" value="2020-10-20"/>
    <property name="java.home" value="/Users/alcodesmobility/.p2/pool/plugins/org.eclipse.justj.openjdk.hotspot.jre.full.macosx.x86_64_15.0.1.v20201027-0507/jre"/>
    <property name="file.separator" value="/"/>
    <property name="basedir" value="/Users/alcodesmobility/eclipse-workspace/CronberryApiTesting"/>
    <property name="java.vm.compressedOopsMode" value="Zero based"/>
    <property name="line.separator" value="&#10;"/>
    <property name="java.specification.name" value="Java Platform API Specification"/>
    <property name="java.vm.specification.vendor" value="Oracle Corporation"/>
    <property name="surefire.real.class.path" value="/Users/alcodesmobility/eclipse-workspace/CronberryApiTesting/target/surefire/surefirebooter3191319887539483994.jar"/>
    <property name="sun.management.compiler" value="HotSpot 64-Bit Tiered Compilers"/>
    <property name="ftp.nonProxyHosts" value="local|*.local|169.254/16|*.169.254/16"/>
    <property name="java.runtime.version" value="15.0.1+9-18"/>
    <property name="user.name" value="alcodesmobility"/>
    <property name="path.separator" value=":"/>
    <property name="os.version" value="10.14.6"/>
    <property name="java.runtime.name" value="OpenJDK Runtime Environment"/>
    <property name="file.encoding" value="UTF-8"/>
    <property name="java.vm.name" value="OpenJDK 64-Bit Server VM"/>
    <property name="localRepository" value="/Users/alcodesmobility/.m2/repository"/>
    <property name="java.vendor.url.bug" value="https://bugreport.java.com/bugreport/"/>
    <property name="java.io.tmpdir" value="/var/folders/kq/b75b3y6d44bfdv5ktz7_ck8m0000gn/T/"/>
    <property name="java.version" value="15.0.1"/>
    <property name="user.dir" value="/Users/alcodesmobility/eclipse-workspace/CronberryApiTesting"/>
    <property name="os.arch" value="x86_64"/>
    <property name="java.vm.specification.name" value="Java Virtual Machine Specification"/>
    <property name="java.library.path" value="/Users/alcodesmobility/Library/Java/Extensions:/Library/Java/Extensions:/Network/Library/Java/Extensions:/System/Library/Java/Extensions:/usr/lib/java:."/>
    <property name="java.vm.info" value="mixed mode"/>
    <property name="java.vendor" value="Oracle Corporation"/>
    <property name="java.vm.version" value="15.0.1+9-18"/>
    <property name="sun.io.unicode.encoding" value="UnicodeBig"/>
    <property name="socksNonProxyHosts" value="local|*.local|169.254/16|*.169.254/16"/>
    <property name="java.class.version" value="59.0"/>
  </properties>
  <testcase name="RegisterAudience" classname="CronberryApiTesting.CronberryApiTesting.BaseClass" time="7.981"/>
  <testcase name="signIn" classname="CronberryApiTesting.CronberryApiTesting.BaseClass" time="0.332"/>
  <testcase name="shouldAnswerWithTrue" classname="CronberryApiTesting.CronberryApiTesting.AppTest" time="0.002"/>
</testsuite>