<?xml version="1.0" encoding="UTF-8"?>
<!-- Generated by org.testng.reporters.JUnitReportReporter -->
<testsuite hostname="Alcodess-MacBook-Air.local" failures="0" tests="1" name="CronberryApiTesting.CronberryApiTesting.AppTest" time="0.003" errors="0" timestamp="2021-08-03T18:29:55 IST" skipped="0">
  <testcase classname="CronberryApiTesting.CronberryApiTesting.AppTest" name="shouldAnswerWithTrue" time="0.003"/>
  <system-out/>
</testsuite> <!-- CronberryApiTesting.CronberryApiTesting.AppTest -->
