<?xml version="1.0" encoding="UTF-8"?>
<!-- Generated by org.testng.reporters.JUnitReportReporter -->
<testsuite hostname="Alcodess-MacBook-Air.local" failures="0" tests="2" name="CronberryApiTesting.CronberryApiTesting.BaseClass" time="8.312" errors="0" timestamp="2021-08-03T18:29:55 IST" skipped="0">
  <testcase classname="CronberryApiTesting.CronberryApiTesting.BaseClass" name="RegisterAudience" time="7.979"/>
  <system-out/>
  <testcase classname="CronberryApiTesting.CronberryApiTesting.BaseClass" name="signIn" time="0.333"/>
  <system-out/>
</testsuite> <!-- CronberryApiTesting.CronberryApiTesting.BaseClass -->
