<?xml version="1.0" encoding="UTF-8"?>
<!-- Generated by org.testng.reporters.JUnitReportReporter -->
<testsuite hostname="Alcodess-MacBook-Air.local" failures="0" tests="1" name="CronberryTestng.CronberryTestng.integration.CampaignEmailTemplate" time="2.482" errors="0" timestamp="2021-08-12T14:58:06 IST" skipped="0">
  <testcase classname="CronberryTestng.CronberryTestng.integration.CampaignEmailTemplate" name="openEmailTemplate" time="2.482"/>
  <system-out/>
</testsuite> <!-- CronberryTestng.CronberryTestng.integration.CampaignEmailTemplate -->
