<?xml version="1.0" encoding="UTF-8"?>
<!-- Generated by org.testng.reporters.JUnitReportReporter -->
<testsuite hostname="Alcodess-MacBook-Air.local" failures="0" tests="1" name="CronberryTestng.CronberryTestng.integration.NewClassForTesting" time="0.029" errors="0" timestamp="2021-07-13T13:51:28 IST" skipped="0">
  <testcase classname="CronberryTestng.CronberryTestng.integration.NewClassForTesting" name="testFunctitle" time="0.029"/>
  <system-out/>
</testsuite> <!-- CronberryTestng.CronberryTestng.integration.NewClassForTesting -->
