<?xml version="1.0" encoding="UTF-8"?>
<!-- Generated by org.testng.reporters.JUnitReportReporter -->
<testsuite hostname="Alcodess-MacBook-Air.local" failures="0" tests="6" name="CronberryTestng.CronberryTestng.integration.Dashboard" time="64.519" errors="0" timestamp="2021-09-09T14:12:38 IST" skipped="0">
  <testcase classname="CronberryTestng.CronberryTestng.integration.Dashboard" name="DashboardOption" time="12.129"/>
  <system-out/>
  <testcase classname="CronberryTestng.CronberryTestng.integration.Dashboard" name="DashboardEmail" time="11.246"/>
  <system-out/>
  <testcase classname="CronberryTestng.CronberryTestng.integration.Dashboard" name="DashboardSMSl" time="11.218"/>
  <system-out/>
  <testcase classname="CronberryTestng.CronberryTestng.integration.Dashboard" name="DashboardPush" time="11.216"/>
  <system-out/>
  <testcase classname="CronberryTestng.CronberryTestng.integration.Dashboard" name="DashboardInApp" time="11.227"/>
  <system-out/>
  <testcase classname="CronberryTestng.CronberryTestng.integration.Dashboard" name="menuOptions" time="7.483"/>
  <system-out/>
</testsuite> <!-- CronberryTestng.CronberryTestng.integration.Dashboard -->
