<?xml version="1.0" encoding="UTF-8"?>
<!-- Generated by org.testng.reporters.JUnitReportReporter -->
<testsuite hostname="Alcodess-MacBook-Air.local" failures="0" tests="1" name="CronberryTestng.CronberryTestng.integration.Segment$CampaignTemplate" time="3.387" errors="0" timestamp="2021-08-23T11:47:02 IST" skipped="0">
  <testcase classname="CronberryTestng.CronberryTestng.integration.Segment$CampaignTemplate" name="createSegemnt" time="3.387"/>
  <system-out/>
</testsuite> <!-- CronberryTestng.CronberryTestng.integration.Segment$CampaignTemplate -->
