<?xml version="1.0" encoding="UTF-8"?>
<!-- Generated by org.testng.reporters.JUnitReportReporter -->
<testsuite hostname="Alcodess-MacBook-Air.local" failures="0" tests="7" name="CronberryTestng.CronberryTestng.integration.Login" time="58.948" errors="0" timestamp="2021-07-22T12:34:34 IST" skipped="0">
  <testcase classname="CronberryTestng.CronberryTestng.integration.Login" name="loginTest" time="8.325"/>
  <system-out/>
  <testcase classname="CronberryTestng.CronberryTestng.integration.Login" name="loginTest" time="8.339"/>
  <system-out/>
  <testcase classname="CronberryTestng.CronberryTestng.integration.Login" name="loginTest" time="8.363"/>
  <system-out/>
  <testcase classname="CronberryTestng.CronberryTestng.integration.Login" name="loginTest" time="8.326"/>
  <system-out/>
  <testcase classname="CronberryTestng.CronberryTestng.integration.Login" name="loginTest" time="8.327"/>
  <system-out/>
  <testcase classname="CronberryTestng.CronberryTestng.integration.Login" name="loginTest" time="8.917"/>
  <system-out/>
  <testcase classname="CronberryTestng.CronberryTestng.integration.Login" name="loginTest" time="8.351"/>
  <system-out/>
</testsuite> <!-- CronberryTestng.CronberryTestng.integration.Login -->
