<?xml version="1.0" encoding="UTF-8"?>
<!-- Generated by org.testng.reporters.JUnitReportReporter -->
<testsuite hostname="Alcodess-MacBook-Air.local" failures="0" tests="2" name="CronberryApiTesting.CronberryApiTesting.BaseClass" time="7.726" errors="0" timestamp="2021-08-04T10:39:53 IST" skipped="0">
  <testcase classname="CronberryApiTesting.CronberryApiTesting.BaseClass" name="RegisterAudience" time="7.269"/>
  <system-out/>
  <testcase classname="CronberryApiTesting.CronberryApiTesting.BaseClass" name="signIn" time="0.457"/>
  <system-out/>
</testsuite> <!-- CronberryApiTesting.CronberryApiTesting.BaseClass -->
